<?xml version="1.0" encoding="UTF-8"?>
<!-- Generated by org.testng.reporters.JUnitXMLReporter -->
<testsuite ignored="0" hostname="LAPTOP-TLR28ILL" failures="0" tests="3" name="Command line test" time="28.01" errors="0" timestamp="2025-01-10T02:23:35 EET">
  <testcase classname="TestClass" name="loginToAmazon" time="1.766"/>
  <testcase classname="TestClass" name="navigateToVideoGamesPage" time="3.928"/>
  <testcase classname="TestClass" name="selectvideoItems" time="20.043"/>
</testsuite> <!-- Command line test -->
